{
  "C:\\Repos\\HomeWorkout\\src\\domain\\inventory.ts": {
    "path": "C:\\Repos\\HomeWorkout\\src\\domain\\inventory.ts",
    "statementMap": {
      "0": { "start": { "line": 30, "column": 44 }, "end": { "line": 39, "column": 1 } },
      "1": { "start": { "line": 41, "column": 33 }, "end": { "line": 47, "column": 1 } },
      "2": { "start": { "line": 57, "column": 13 }, "end": { "line": 57, "column": 33 } },
      "3": { "start": { "line": 59, "column": 2 }, "end": { "line": 68, "column": 3 } },
      "4": { "start": { "line": 60, "column": 21 }, "end": { "line": 60, "column": 38 } },
      "5": { "start": { "line": 61, "column": 4 }, "end": { "line": 66, "column": 5 } },
      "6": { "start": { "line": 62, "column": 6 }, "end": { "line": 65, "column": 7 } },
      "7": { "start": { "line": 62, "column": 22 }, "end": { "line": 62, "column": 23 } },
      "8": { "start": { "line": 64, "column": 8 }, "end": { "line": 64, "column": 73 } },
      "9": { "start": { "line": 67, "column": 4 }, "end": { "line": 67, "column": 20 } },
      "10": { "start": { "line": 70, "column": 2 }, "end": { "line": 70, "column": 41 } },
      "11": { "start": { "line": 70, "column": 34 }, "end": { "line": 70, "column": 39 } },
      "12": { "start": { "line": 75, "column": 2 }, "end": { "line": 75, "column": 87 } },
      "13": { "start": { "line": 75, "column": 44 }, "end": { "line": 75, "column": 84 } },
      "14": { "start": { "line": 90, "column": 25 }, "end": { "line": 90, "column": 92 } },
      "15": { "start": { "line": 91, "column": 18 }, "end": { "line": 91, "column": 44 } },
      "16": { "start": { "line": 92, "column": 2 }, "end": { "line": 92, "column": 78 } },
      "17": { "start": { "line": 92, "column": 46 }, "end": { "line": 92, "column": 76 } },
      "18": { "start": { "line": 95, "column": 39 }, "end": { "line": 95, "column": 63 } },
      "19": { "start": { "line": 96, "column": 39 }, "end": { "line": 96, "column": 63 } },
      "20": { "start": { "line": 99, "column": 47 }, "end": { "line": 99, "column": 73 } },
      "21": { "start": { "line": 103, "column": 12 }, "end": { "line": 103, "column": 35 } },
      "22": { "start": { "line": 104, "column": 2 }, "end": { "line": 106, "column": 3 } },
      "23": { "start": { "line": 105, "column": 4 }, "end": { "line": 105, "column": 84 } },
      "24": { "start": { "line": 105, "column": 30 }, "end": { "line": 105, "column": 41 } },
      "25": { "start": { "line": 107, "column": 2 }, "end": { "line": 107, "column": 62 } },
      "26": { "start": { "line": 112, "column": 12 }, "end": { "line": 112, "column": 35 } },
      "27": { "start": { "line": 113, "column": 2 }, "end": { "line": 115, "column": 3 } },
      "28": { "start": { "line": 114, "column": 4 }, "end": { "line": 114, "column": 83 } },
      "29": { "start": { "line": 114, "column": 45 }, "end": { "line": 114, "column": 56 } },
      "30": { "start": { "line": 116, "column": 2 }, "end": { "line": 116, "column": 46 } },
      "31": { "start": { "line": 120, "column": 2 }, "end": { "line": 120, "column": 58 } }
    },
    "fnMap": {
      "0": {
        "name": "reachableSums",
        "decl": { "start": { "line": 56, "column": 9 }, "end": { "line": 56, "column": 22 } },
        "loc": { "start": { "line": 56, "column": 55 }, "end": { "line": 71, "column": 1 } },
        "line": 56
      },
      "1": {
        "name": "(anonymous_1)",
        "decl": { "start": { "line": 70, "column": 24 }, "end": { "line": 70, "column": 25 } },
        "loc": { "start": { "line": 70, "column": 34 }, "end": { "line": 70, "column": 39 } },
        "line": 70
      },
      "2": {
        "name": "halveStock",
        "decl": { "start": { "line": 74, "column": 9 }, "end": { "line": 74, "column": 19 } },
        "loc": { "start": { "line": 74, "column": 56 }, "end": { "line": 76, "column": 1 } },
        "line": 74
      },
      "3": {
        "name": "(anonymous_3)",
        "decl": { "start": { "line": 75, "column": 20 }, "end": { "line": 75, "column": 21 } },
        "loc": { "start": { "line": 75, "column": 44 }, "end": { "line": 75, "column": 84 } },
        "line": 75
      },
      "4": {
        "name": "dumbbellLadder",
        "decl": { "start": { "line": 86, "column": 16 }, "end": { "line": 86, "column": 30 } },
        "loc": { "start": { "line": 89, "column": 12 }, "end": { "line": 93, "column": 1 } },
        "line": 89
      },
      "5": {
        "name": "(anonymous_5)",
        "decl": { "start": { "line": 92, "column": 36 }, "end": { "line": 92, "column": 37 } },
        "loc": { "start": { "line": 92, "column": 46 }, "end": { "line": 92, "column": 76 } },
        "line": 92
      },
      "6": {
        "name": "nextRung",
        "decl": { "start": { "line": 102, "column": 16 }, "end": { "line": 102, "column": 24 } },
        "loc": { "start": { "line": 102, "column": 68 }, "end": { "line": 108, "column": 1 } },
        "line": 102
      },
      "7": {
        "name": "(anonymous_7)",
        "decl": { "start": { "line": 105, "column": 23 }, "end": { "line": 105, "column": 24 } },
        "loc": { "start": { "line": 105, "column": 30 }, "end": { "line": 105, "column": 41 } },
        "line": 105
      },
      "8": {
        "name": "previousRung",
        "decl": { "start": { "line": 111, "column": 16 }, "end": { "line": 111, "column": 28 } },
        "loc": { "start": { "line": 111, "column": 72 }, "end": { "line": 117, "column": 1 } },
        "line": 111
      },
      "9": {
        "name": "(anonymous_9)",
        "decl": { "start": { "line": 114, "column": 38 }, "end": { "line": 114, "column": 39 } },
        "loc": { "start": { "line": 114, "column": 45 }, "end": { "line": 114, "column": 56 } },
        "line": 114
      },
      "10": {
        "name": "isAtCeiling",
        "decl": { "start": { "line": 119, "column": 16 }, "end": { "line": 119, "column": 27 } },
        "loc": { "start": { "line": 119, "column": 72 }, "end": { "line": 121, "column": 1 } },
        "line": 119
      }
    },
    "branchMap": {
      "0": {
        "loc": { "start": { "line": 88, "column": 2 }, "end": { "line": 88, "column": 42 } },
        "type": "default-arg",
        "locations": [
          { "start": { "line": 88, "column": 33 }, "end": { "line": 88, "column": 42 } }
        ],
        "line": 88
      },
      "1": {
        "loc": { "start": { "line": 90, "column": 25 }, "end": { "line": 90, "column": 92 } },
        "type": "cond-expr",
        "locations": [
          { "start": { "line": 90, "column": 45 }, "end": { "line": 90, "column": 73 } },
          { "start": { "line": 90, "column": 76 }, "end": { "line": 90, "column": 92 } }
        ],
        "line": 90
      },
      "2": {
        "loc": { "start": { "line": 104, "column": 2 }, "end": { "line": 106, "column": 3 } },
        "type": "if",
        "locations": [
          { "start": { "line": 104, "column": 2 }, "end": { "line": 106, "column": 3 } },
          { "start": {}, "end": {} }
        ],
        "line": 104
      },
      "3": {
        "loc": { "start": { "line": 105, "column": 11 }, "end": { "line": 105, "column": 83 } },
        "type": "binary-expr",
        "locations": [
          { "start": { "line": 105, "column": 11 }, "end": { "line": 105, "column": 42 } },
          { "start": { "line": 105, "column": 47 }, "end": { "line": 105, "column": 82 } }
        ],
        "line": 105
      },
      "4": {
        "loc": { "start": { "line": 113, "column": 2 }, "end": { "line": 115, "column": 3 } },
        "type": "if",
        "locations": [
          { "start": { "line": 113, "column": 2 }, "end": { "line": 115, "column": 3 } },
          { "start": {}, "end": {} }
        ],
        "line": 113
      },
      "5": {
        "loc": { "start": { "line": 114, "column": 11 }, "end": { "line": 114, "column": 82 } },
        "type": "binary-expr",
        "locations": [
          { "start": { "line": 114, "column": 11 }, "end": { "line": 114, "column": 57 } },
          { "start": { "line": 114, "column": 62 }, "end": { "line": 114, "column": 81 } }
        ],
        "line": 114
      }
    },
    "s": {
      "0": 1,
      "1": 1,
      "2": 3,
      "3": 3,
      "4": 5,
      "5": 5,
      "6": 11,
      "7": 11,
      "8": 32,
      "9": 5,
      "10": 3,
      "11": 27,
      "12": 4,
      "13": 7,
      "14": 3,
      "15": 3,
      "16": 3,
      "17": 17,
      "18": 1,
      "19": 1,
      "20": 1,
      "21": 4,
      "22": 4,
      "23": 2,
      "24": 13,
      "25": 2,
      "26": 4,
      "27": 4,
      "28": 2,
      "29": 16,
      "30": 2,
      "31": 2
    },
    "f": {
      "0": 3,
      "1": 27,
      "2": 4,
      "3": 7,
      "4": 3,
      "5": 17,
      "6": 4,
      "7": 13,
      "8": 4,
      "9": 16,
      "10": 2
    },
    "b": { "0": [2], "1": [1, 2], "2": [2, 2], "3": [2, 1], "4": [2, 2], "5": [2, 1] },
    "_coverageSchema": "1a1c01bbd47fc00a2c39e90264f33305004495a9",
    "hash": "1ab8ef3a27cb7936528cb18d2b610eb05bc88827"
  },
  "C:\\Repos\\HomeWorkout\\src\\domain\\types.ts": {
    "path": "C:\\Repos\\HomeWorkout\\src\\domain\\types.ts",
    "statementMap": {},
    "fnMap": {},
    "branchMap": {},
    "s": {},
    "f": {},
    "b": {}
  },
  "C:\\Repos\\HomeWorkout\\src\\domain\\exercises\\screen.ts": {
    "path": "C:\\Repos\\HomeWorkout\\src\\domain\\exercises\\screen.ts",
    "statementMap": {
      "0": { "start": { "line": 29, "column": 15 }, "end": { "line": 29, "column": 27 } },
      "1": { "start": { "line": 30, "column": 2 }, "end": { "line": 30, "column": 23 } },
      "2": { "start": { "line": 30, "column": 13 }, "end": { "line": 30, "column": 23 } },
      "3": { "start": { "line": 31, "column": 2 }, "end": { "line": 31, "column": 37 } },
      "4": { "start": { "line": 31, "column": 27 }, "end": { "line": 31, "column": 37 } },
      "5": { "start": { "line": 33, "column": 31 }, "end": { "line": 33, "column": 33 } },
      "6": { "start": { "line": 35, "column": 2 }, "end": { "line": 42, "column": 3 } },
      "7": { "start": { "line": 36, "column": 4 }, "end": { "line": 36, "column": 84 } },
      "8": { "start": { "line": 36, "column": 53 }, "end": { "line": 36, "column": 84 } },
      "9": { "start": { "line": 37, "column": 4 }, "end": { "line": 37, "column": 90 } },
      "10": { "start": { "line": 37, "column": 56 }, "end": { "line": 37, "column": 90 } },
      "11": { "start": { "line": 38, "column": 4 }, "end": { "line": 38, "column": 68 } },
      "12": { "start": { "line": 38, "column": 38 }, "end": { "line": 38, "column": 68 } },
      "13": { "start": { "line": 39, "column": 4 }, "end": { "line": 41, "column": 5 } },
      "14": { "start": { "line": 40, "column": 6 }, "end": { "line": 40, "column": 46 } },
      "15": { "start": { "line": 44, "column": 2 }, "end": { "line": 44, "column": 74 } },
      "16": { "start": { "line": 44, "column": 46 }, "end": { "line": 44, "column": 74 } },
      "17": { "start": { "line": 48, "column": 2 }, "end": { "line": 50, "column": 3 } },
      "18": { "start": { "line": 49, "column": 4 }, "end": { "line": 49, "column": 37 } },
      "19": { "start": { "line": 54, "column": 2 }, "end": { "line": 63, "column": 3 } },
      "20": { "start": { "line": 62, "column": 4 }, "end": { "line": 62, "column": 47 } },
      "21": { "start": { "line": 65, "column": 2 }, "end": { "line": 65, "column": 13 } },
      "22": { "start": { "line": 69, "column": 2 }, "end": { "line": 69, "column": 56 } }
    },
    "fnMap": {
      "0": {
        "name": "screenExercise",
        "decl": { "start": { "line": 28, "column": 16 }, "end": { "line": 28, "column": 30 } },
        "loc": { "start": { "line": 28, "column": 93 }, "end": { "line": 66, "column": 1 } },
        "line": 28
      },
      "1": {
        "name": "isAllowed",
        "decl": { "start": { "line": 68, "column": 16 }, "end": { "line": 68, "column": 25 } },
        "loc": { "start": { "line": 68, "column": 80 }, "end": { "line": 70, "column": 1 } },
        "line": 68
      }
    },
    "branchMap": {
      "0": {
        "loc": { "start": { "line": 30, "column": 2 }, "end": { "line": 30, "column": 23 } },
        "type": "if",
        "locations": [
          { "start": { "line": 30, "column": 2 }, "end": { "line": 30, "column": 23 } },
          { "start": {}, "end": {} }
        ],
        "line": 30
      },
      "1": {
        "loc": { "start": { "line": 31, "column": 2 }, "end": { "line": 31, "column": 37 } },
        "type": "if",
        "locations": [
          { "start": { "line": 31, "column": 2 }, "end": { "line": 31, "column": 37 } },
          { "start": {}, "end": {} }
        ],
        "line": 31
      },
      "2": {
        "loc": { "start": { "line": 35, "column": 2 }, "end": { "line": 42, "column": 3 } },
        "type": "if",
        "locations": [
          { "start": { "line": 35, "column": 2 }, "end": { "line": 42, "column": 3 } },
          { "start": {}, "end": {} }
        ],
        "line": 35
      },
      "3": {
        "loc": { "start": { "line": 35, "column": 6 }, "end": { "line": 35, "column": 49 } },
        "type": "binary-expr",
        "locations": [
          { "start": { "line": 35, "column": 6 }, "end": { "line": 35, "column": 29 } },
          { "start": { "line": 35, "column": 33 }, "end": { "line": 35, "column": 49 } }
        ],
        "line": 35
      },
      "4": {
        "loc": { "start": { "line": 36, "column": 4 }, "end": { "line": 36, "column": 84 } },
        "type": "if",
        "locations": [
          { "start": { "line": 36, "column": 4 }, "end": { "line": 36, "column": 84 } },
          { "start": {}, "end": {} }
        ],
        "line": 36
      },
      "5": {
        "loc": { "start": { "line": 37, "column": 4 }, "end": { "line": 37, "column": 90 } },
        "type": "if",
        "locations": [
          { "start": { "line": 37, "column": 4 }, "end": { "line": 37, "column": 90 } },
          { "start": {}, "end": {} }
        ],
        "line": 37
      },
      "6": {
        "loc": { "start": { "line": 38, "column": 4 }, "end": { "line": 38, "column": 68 } },
        "type": "if",
        "locations": [
          { "start": { "line": 38, "column": 4 }, "end": { "line": 38, "column": 68 } },
          { "start": {}, "end": {} }
        ],
        "line": 38
      },
      "7": {
        "loc": { "start": { "line": 39, "column": 4 }, "end": { "line": 41, "column": 5 } },
        "type": "if",
        "locations": [
          { "start": { "line": 39, "column": 4 }, "end": { "line": 41, "column": 5 } },
          { "start": {}, "end": {} }
        ],
        "line": 39
      },
      "8": {
        "loc": { "start": { "line": 44, "column": 2 }, "end": { "line": 44, "column": 74 } },
        "type": "if",
        "locations": [
          { "start": { "line": 44, "column": 2 }, "end": { "line": 44, "column": 74 } },
          { "start": {}, "end": {} }
        ],
        "line": 44
      },
      "9": {
        "loc": { "start": { "line": 48, "column": 2 }, "end": { "line": 50, "column": 3 } },
        "type": "if",
        "locations": [
          { "start": { "line": 48, "column": 2 }, "end": { "line": 50, "column": 3 } },
          { "start": {}, "end": {} }
        ],
        "line": 48
      },
      "10": {
        "loc": { "start": { "line": 48, "column": 6 }, "end": { "line": 48, "column": 97 } },
        "type": "binary-expr",
        "locations": [
          { "start": { "line": 48, "column": 6 }, "end": { "line": 48, "column": 27 } },
          { "start": { "line": 48, "column": 31 }, "end": { "line": 48, "column": 61 } },
          { "start": { "line": 48, "column": 65 }, "end": { "line": 48, "column": 97 } }
        ],
        "line": 48
      },
      "11": {
        "loc": { "start": { "line": 54, "column": 2 }, "end": { "line": 63, "column": 3 } },
        "type": "if",
        "locations": [
          { "start": { "line": 54, "column": 2 }, "end": { "line": 63, "column": 3 } },
          { "start": {}, "end": {} }
        ],
        "line": 54
      },
      "12": {
        "loc": { "start": { "line": 55, "column": 4 }, "end": { "line": 60, "column": 48 } },
        "type": "binary-expr",
        "locations": [
          { "start": { "line": 55, "column": 4 }, "end": { "line": 55, "column": 24 } },
          { "start": { "line": 56, "column": 4 }, "end": { "line": 56, "column": 44 } },
          { "start": { "line": 57, "column": 4 }, "end": { "line": 57, "column": 41 } },
          { "start": { "line": 58, "column": 4 }, "end": { "line": 58, "column": 41 } },
          { "start": { "line": 59, "column": 4 }, "end": { "line": 59, "column": 40 } },
          { "start": { "line": 60, "column": 4 }, "end": { "line": 60, "column": 48 } }
        ],
        "line": 55
      }
    },
    "s": {
      "0": 357,
      "1": 357,
      "2": 1,
      "3": 356,
      "4": 231,
      "5": 125,
      "6": 125,
      "7": 124,
      "8": 7,
      "9": 124,
      "10": 1,
      "11": 124,
      "12": 13,
      "13": 124,
      "14": 9,
      "15": 125,
      "16": 1,
      "17": 125,
      "18": 6,
      "19": 125,
      "20": 22,
      "21": 125,
      "22": 5
    },
    "f": { "0": 357, "1": 5 },
    "b": {
      "0": [1, 356],
      "1": [231, 125],
      "2": [124, 1],
      "3": [125, 1],
      "4": [7, 117],
      "5": [1, 123],
      "6": [13, 111],
      "7": [9, 115],
      "8": [1, 124],
      "9": [6, 119],
      "10": [125, 124, 11],
      "11": [22, 103],
      "12": [125, 99, 45, 34, 29, 29]
    },
    "_coverageSchema": "1a1c01bbd47fc00a2c39e90264f33305004495a9",
    "hash": "1085c6b8e74f3391ca34f910d03e2597dab49b28"
  },
  "C:\\Repos\\HomeWorkout\\src\\domain\\time\\trainingDate.ts": {
    "path": "C:\\Repos\\HomeWorkout\\src\\domain\\time\\trainingDate.ts",
    "statementMap": {
      "0": { "start": { "line": 10, "column": 20 }, "end": { "line": 10, "column": 34 } },
      "1": { "start": { "line": 13, "column": 2 }, "end": { "line": 13, "column": 38 } },
      "2": { "start": { "line": 18, "column": 2 }, "end": { "line": 18, "column": 84 } },
      "3": { "start": { "line": 23, "column": 2 }, "end": { "line": 25, "column": 3 } },
      "4": { "start": { "line": 24, "column": 4 }, "end": { "line": 24, "column": 86 } },
      "5": { "start": { "line": 26, "column": 2 }, "end": { "line": 26, "column": 73 } },
      "6": { "start": { "line": 31, "column": 12 }, "end": { "line": 31, "column": 43 } },
      "7": { "start": { "line": 32, "column": 12 }, "end": { "line": 32, "column": 41 } },
      "8": { "start": { "line": 33, "column": 2 }, "end": { "line": 35, "column": 3 } },
      "9": { "start": { "line": 34, "column": 4 }, "end": { "line": 34, "column": 80 } },
      "10": { "start": { "line": 36, "column": 2 }, "end": { "line": 36, "column": 50 } }
    },
    "fnMap": {
      "0": {
        "name": "pad",
        "decl": { "start": { "line": 12, "column": 9 }, "end": { "line": 12, "column": 12 } },
        "loc": { "start": { "line": 12, "column": 32 }, "end": { "line": 14, "column": 1 } },
        "line": 12
      },
      "1": {
        "name": "toIsoDate",
        "decl": { "start": { "line": 17, "column": 16 }, "end": { "line": 17, "column": 25 } },
        "loc": { "start": { "line": 17, "column": 46 }, "end": { "line": 19, "column": 1 } },
        "line": 17
      },
      "2": {
        "name": "trainingDate",
        "decl": { "start": { "line": 22, "column": 16 }, "end": { "line": 22, "column": 28 } },
        "loc": { "start": { "line": 22, "column": 70 }, "end": { "line": 27, "column": 1 } },
        "line": 22
      },
      "3": {
        "name": "daysBetween",
        "decl": { "start": { "line": 30, "column": 16 }, "end": { "line": 30, "column": 27 } },
        "loc": { "start": { "line": 30, "column": 62 }, "end": { "line": 37, "column": 1 } },
        "line": 30
      }
    },
    "branchMap": {
      "0": {
        "loc": { "start": { "line": 13, "column": 9 }, "end": { "line": 13, "column": 37 } },
        "type": "cond-expr",
        "locations": [
          { "start": { "line": 13, "column": 18 }, "end": { "line": 13, "column": 25 } },
          { "start": { "line": 13, "column": 28 }, "end": { "line": 13, "column": 37 } }
        ],
        "line": 13
      },
      "1": {
        "loc": { "start": { "line": 23, "column": 2 }, "end": { "line": 25, "column": 3 } },
        "type": "if",
        "locations": [
          { "start": { "line": 23, "column": 2 }, "end": { "line": 25, "column": 3 } },
          { "start": {}, "end": {} }
        ],
        "line": 23
      },
      "2": {
        "loc": { "start": { "line": 23, "column": 6 }, "end": { "line": 23, "column": 78 } },
        "type": "binary-expr",
        "locations": [
          { "start": { "line": 23, "column": 6 }, "end": { "line": 23, "column": 37 } },
          { "start": { "line": 23, "column": 41 }, "end": { "line": 23, "column": 57 } },
          { "start": { "line": 23, "column": 61 }, "end": { "line": 23, "column": 78 } }
        ],
        "line": 23
      },
      "3": {
        "loc": { "start": { "line": 33, "column": 2 }, "end": { "line": 35, "column": 3 } },
        "type": "if",
        "locations": [
          { "start": { "line": 33, "column": 2 }, "end": { "line": 35, "column": 3 } },
          { "start": {}, "end": {} }
        ],
        "line": 33
      },
      "4": {
        "loc": { "start": { "line": 33, "column": 6 }, "end": { "line": 33, "column": 40 } },
        "type": "binary-expr",
        "locations": [
          { "start": { "line": 33, "column": 6 }, "end": { "line": 33, "column": 21 } },
          { "start": { "line": 33, "column": 25 }, "end": { "line": 33, "column": 40 } }
        ],
        "line": 33
      }
    },
    "s": {
      "0": 1,
      "1": 12,
      "2": 6,
      "3": 7,
      "4": 2,
      "5": 5,
      "6": 5,
      "7": 5,
      "8": 5,
      "9": 1,
      "10": 4
    },
    "f": { "0": 12, "1": 6, "2": 7, "3": 5 },
    "b": { "0": [6, 6], "1": [2, 5], "2": [7, 7, 6], "3": [1, 4], "4": [5, 4] },
    "_coverageSchema": "1a1c01bbd47fc00a2c39e90264f33305004495a9",
    "hash": "635b90f4f6b4201f1f9ea04dd753e2cc3528a712"
  }
}
