TN:
SF:src\domain\inventory.ts
FN:56,reachableSums
FN:70,(anonymous_1)
FN:74,halveStock
FN:75,(anonymous_3)
FN:86,dumbbellLadder
FN:92,(anonymous_5)
FN:102,nextRung
FN:105,(anonymous_7)
FN:111,previousRung
FN:114,(anonymous_9)
FN:119,isAtCeiling
FNF:11
FNH:11
FNDA:3,reachableSums
FNDA:27,(anonymous_1)
FNDA:4,halveStock
FNDA:7,(anonymous_3)
FNDA:3,dumbbellLadder
FNDA:17,(anonymous_5)
FNDA:4,nextRung
FNDA:13,(anonymous_7)
FNDA:4,previousRung
FNDA:16,(anonymous_9)
FNDA:2,isAtCeiling
DA:30,1
DA:41,1
DA:57,3
DA:59,3
DA:60,5
DA:61,5
DA:62,11
DA:64,32
DA:67,5
DA:70,27
DA:75,7
DA:90,3
DA:91,3
DA:92,17
DA:95,1
DA:96,1
DA:99,1
DA:103,4
DA:104,4
DA:105,13
DA:107,2
DA:112,4
DA:113,4
DA:114,16
DA:116,2
DA:120,2
LF:26
LH:26
BRDA:88,0,0,2
BRDA:90,1,0,1
BRDA:90,1,1,2
BRDA:104,2,0,2
BRDA:104,2,1,2
BRDA:105,3,0,2
BRDA:105,3,1,1
BRDA:113,4,0,2
BRDA:113,4,1,2
BRDA:114,5,0,2
BRDA:114,5,1,1
BRF:11
BRH:11
end_of_record
TN:
SF:src\domain\types.ts
FNF:0
FNH:0
LF:0
LH:0
BRF:0
BRH:0
end_of_record
TN:
SF:src\domain\exercises\screen.ts
FN:28,screenExercise
FN:68,isAllowed
FNF:2
FNH:2
FNDA:357,screenExercise
FNDA:5,isAllowed
DA:29,357
DA:30,357
DA:31,356
DA:33,125
DA:35,125
DA:36,124
DA:37,124
DA:38,124
DA:39,124
DA:40,9
DA:44,125
DA:48,125
DA:49,6
DA:54,125
DA:62,22
DA:65,125
DA:69,5
LF:17
LH:17
BRDA:30,0,0,1
BRDA:30,0,1,356
BRDA:31,1,0,231
BRDA:31,1,1,125
BRDA:35,2,0,124
BRDA:35,2,1,1
BRDA:35,3,0,125
BRDA:35,3,1,1
BRDA:36,4,0,7
BRDA:36,4,1,117
BRDA:37,5,0,1
BRDA:37,5,1,123
BRDA:38,6,0,13
BRDA:38,6,1,111
BRDA:39,7,0,9
BRDA:39,7,1,115
BRDA:44,8,0,1
BRDA:44,8,1,124
BRDA:48,9,0,6
BRDA:48,9,1,119
BRDA:48,10,0,125
BRDA:48,10,1,124
BRDA:48,10,2,11
BRDA:54,11,0,22
BRDA:54,11,1,103
BRDA:55,12,0,125
BRDA:55,12,1,99
BRDA:55,12,2,45
BRDA:55,12,3,34
BRDA:55,12,4,29
BRDA:55,12,5,29
BRF:31
BRH:31
end_of_record
TN:
SF:src\domain\time\trainingDate.ts
FN:12,pad
FN:17,toIsoDate
FN:22,trainingDate
FN:30,daysBetween
FNF:4
FNH:4
FNDA:12,pad
FNDA:6,toIsoDate
FNDA:7,trainingDate
FNDA:5,daysBetween
DA:10,1
DA:13,12
DA:18,6
DA:23,7
DA:24,2
DA:26,5
DA:31,5
DA:32,5
DA:33,5
DA:34,1
DA:36,4
LF:11
LH:11
BRDA:13,0,0,6
BRDA:13,0,1,6
BRDA:23,1,0,2
BRDA:23,1,1,5
BRDA:23,2,0,7
BRDA:23,2,1,7
BRDA:23,2,2,6
BRDA:33,3,0,1
BRDA:33,3,1,4
BRDA:33,4,0,5
BRDA:33,4,1,4
BRF:11
BRH:11
end_of_record
